2016/04/25 12:21:30 INFO  - jmeter.util.JMeterUtils: Setting Locale to en_US 
2016/04/25 12:21:30 INFO  - jmeter.JMeter: Loading user properties from: /usr/share/jmeter/bin/user.properties 
2016/04/25 12:21:30 INFO  - jmeter.JMeter: Loading system properties from: /usr/share/jmeter/bin/system.properties 
2016/04/25 12:21:30 INFO  - jmeter.JMeter: Copyright (c) 1998-2014 The Apache Software Foundation 
2016/04/25 12:21:30 INFO  - jmeter.JMeter: Version 2.11.20150716 
2016/04/25 12:21:30 INFO  - jmeter.JMeter: java.version=1.7.0_60 
2016/04/25 12:21:30 INFO  - jmeter.JMeter: java.vm.name=Java HotSpot(TM) 64-Bit Server VM 
2016/04/25 12:21:30 INFO  - jmeter.JMeter: os.name=Linux 
2016/04/25 12:21:30 INFO  - jmeter.JMeter: os.arch=amd64 
2016/04/25 12:21:30 INFO  - jmeter.JMeter: os.version=4.2.0-16-generic 
2016/04/25 12:21:30 INFO  - jmeter.JMeter: file.encoding=UTF-8 
2016/04/25 12:21:31 INFO  - jmeter.JMeter: Default Locale=English (United States) 
2016/04/25 12:21:31 INFO  - jmeter.JMeter: JMeter  Locale=English (United States) 
2016/04/25 12:21:31 INFO  - jmeter.JMeter: JMeterHome=/usr/share/jmeter 
2016/04/25 12:21:31 INFO  - jmeter.JMeter: user.dir  =/home/wso2/wso2_af/app-cloud/modules/resources/dockerfiles 
2016/04/25 12:21:31 INFO  - jmeter.JMeter: PWD       =/home/wso2/wso2_af/app-cloud/modules/resources/dockerfiles 
2016/04/25 12:21:31 INFO  - jmeter.JMeter: IP: 10.100.7.115 Name: lahiru-ThinkPad-X1-Carbon-3rd FullName: lahiru-ThinkPad-X1-Carbon-3rd 
2016/04/25 12:21:31 INFO  - jmeter.JMeter: Loaded icon properties from org/apache/jmeter/images/icon.properties 
2016/04/25 12:21:31 INFO  - jmeter.engine.util.CompoundVariable: Note: Function class names must contain the string: '.functions.' 
2016/04/25 12:21:31 INFO  - jmeter.engine.util.CompoundVariable: Note: Function class names must not contain the string: '.gui.' 
2016/04/25 12:21:31 INFO  - jmeter.gui.action.LookAndFeelCommand: Using look and feel: javax.swing.plaf.metal.MetalLookAndFeel [Metal, CrossPlatform] 
2016/04/25 12:21:32 INFO  - jmeter.util.BSFTestElement: Registering JMeter version of JavaScript engine as work-round for BSF-22 
2016/04/25 12:21:32 INFO  - jmeter.protocol.http.sampler.HTTPSamplerBase: Cannot find .className property for htmlParser, using default 
2016/04/25 12:21:32 INFO  - jmeter.protocol.http.sampler.HTTPSamplerBase: Parser for text/html is  
2016/04/25 12:21:32 INFO  - jmeter.protocol.http.sampler.HTTPSamplerBase: Parser for application/xhtml+xml is  
2016/04/25 12:21:32 INFO  - jmeter.protocol.http.sampler.HTTPSamplerBase: Parser for application/xml is  
2016/04/25 12:21:32 INFO  - jmeter.protocol.http.sampler.HTTPSamplerBase: Parser for text/xml is  
2016/04/25 12:21:32 INFO  - jmeter.protocol.http.sampler.HTTPSamplerBase: Parser for text/vnd.wap.wml is org.apache.jmeter.protocol.http.parser.RegexpHTMLParser 
2016/04/25 12:21:32 INFO  - jmeter.gui.util.MenuFactory: Skipping org.apache.jmeter.protocol.http.modifier.gui.ParamModifierGui 
2016/04/25 12:21:32 INFO  - jorphan.exec.KeyToolUtils: keytool found at 'keytool' 
2016/04/25 12:21:32 INFO  - jmeter.protocol.http.proxy.ProxyControl: HTTP(S) Test Script Recorder SSL Proxy will use keys that support embedded 3rd party resources in file /usr/share/jmeter/bin/proxyserver.jks 
2016/04/25 12:21:33 INFO  - jmeter.samplers.SampleResult: Note: Sample TimeStamps are START times 
2016/04/25 12:21:33 INFO  - jmeter.samplers.SampleResult: sampleresult.default.encoding is set to ISO-8859-1 
2016/04/25 12:21:33 INFO  - jmeter.samplers.SampleResult: sampleresult.useNanoTime=true 
2016/04/25 12:21:33 INFO  - jmeter.samplers.SampleResult: sampleresult.nanoThreadSleep=5000 
2016/04/25 12:25:33 INFO  - jmeter.services.FileServer: Default base='/home/wso2/wso2_af/app-cloud/modules/resources/dockerfiles' 
2016/04/25 12:25:33 INFO  - jmeter.services.FileServer: Set new base='/home/lahiru/Desktop' 
2016/04/25 12:25:33 INFO  - jmeter.save.SaveService: Testplan (JMX) version: 2.2. Testlog (JTL) version: 2.2 
2016/04/25 12:25:33 INFO  - jmeter.save.SaveService: Using SaveService properties file encoding UTF-8 
2016/04/25 12:25:33 INFO  - jmeter.save.SaveService: Using SaveService properties version 2.6 
2016/04/25 12:25:33 INFO  - jmeter.save.SaveService: Using SaveService properties file version 1554411 
2016/04/25 12:25:33 INFO  - jmeter.save.SaveService: All converter versions present and correct 
2016/04/25 12:25:33 INFO  - jmeter.engine.StandardJMeterEngine: Listeners will be started after enabling running version 
2016/04/25 12:25:33 INFO  - jmeter.engine.StandardJMeterEngine: To revert to the earlier behaviour, define jmeterengine.startlistenerslater=false 
2016/04/25 12:25:33 INFO  - jmeter.engine.StandardJMeterEngine: Running the test! 
2016/04/25 12:25:33 INFO  - jmeter.samplers.SampleEvent: List of sample_variables: [] 
2016/04/25 12:25:33 INFO  - jmeter.samplers.SampleEvent: List of sample_variables: [] 
2016/04/25 12:25:33 INFO  - jmeter.gui.util.JMeterMenuBar: setRunning(true,*local*) 
2016/04/25 12:25:33 INFO  - jmeter.engine.StandardJMeterEngine: Starting ThreadGroup: 1 : Thread Group 
2016/04/25 12:25:33 INFO  - jmeter.engine.StandardJMeterEngine: Starting 3 threads for group Thread Group. 
2016/04/25 12:25:33 INFO  - jmeter.engine.StandardJMeterEngine: Thread will continue on error 
2016/04/25 12:25:33 INFO  - jmeter.threads.ThreadGroup: Starting thread group number 1 threads 3 ramp-up 1 perThread 333.33334 delayedStart=false 
2016/04/25 12:25:33 INFO  - jmeter.threads.JMeterThread: jmeterthread.startearlier=true (see jmeter.properties) 
2016/04/25 12:25:33 INFO  - jmeter.threads.JMeterThread: Running PostProcessors in forward order 
2016/04/25 12:25:33 INFO  - jmeter.threads.JMeterThread: Thread started: Thread Group 1-1 
2016/04/25 12:25:33 INFO  - jmeter.threads.ThreadGroup: Started thread group number 1 
2016/04/25 12:25:33 INFO  - jmeter.engine.StandardJMeterEngine: All thread groups have been started 
2016/04/25 12:25:33 INFO  - jmeter.threads.JMeterThread: Thread finished: Thread Group 1-1 
2016/04/25 12:25:34 INFO  - jmeter.threads.JMeterThread: Thread started: Thread Group 1-2 
2016/04/25 12:25:34 INFO  - jmeter.threads.JMeterThread: Thread finished: Thread Group 1-2 
2016/04/25 12:25:34 INFO  - jmeter.threads.JMeterThread: Thread started: Thread Group 1-3 
2016/04/25 12:25:34 INFO  - jmeter.threads.JMeterThread: Thread finished: Thread Group 1-3 
2016/04/25 12:25:34 INFO  - jmeter.engine.StandardJMeterEngine: Notifying test listeners of end of test 
2016/04/25 12:25:34 INFO  - jmeter.gui.util.JMeterMenuBar: setRunning(false,*local*) 
2016/04/25 12:27:29 INFO  - jmeter.engine.StandardJMeterEngine: Running the test! 
2016/04/25 12:27:29 INFO  - jmeter.samplers.SampleEvent: List of sample_variables: [] 
2016/04/25 12:27:29 INFO  - jmeter.gui.util.JMeterMenuBar: setRunning(true,*local*) 
2016/04/25 12:27:29 INFO  - jmeter.engine.StandardJMeterEngine: Starting ThreadGroup: 1 : Thread Group 
2016/04/25 12:27:29 INFO  - jmeter.engine.StandardJMeterEngine: Starting 3 threads for group Thread Group. 
2016/04/25 12:27:29 INFO  - jmeter.engine.StandardJMeterEngine: Thread will continue on error 
2016/04/25 12:27:29 INFO  - jmeter.threads.ThreadGroup: Starting thread group number 1 threads 3 ramp-up 1 perThread 333.33334 delayedStart=false 
2016/04/25 12:27:29 INFO  - jmeter.threads.JMeterThread: Thread started: Thread Group 1-1 
2016/04/25 12:27:29 INFO  - jmeter.threads.ThreadGroup: Started thread group number 1 
2016/04/25 12:27:29 INFO  - jmeter.engine.StandardJMeterEngine: All thread groups have been started 
2016/04/25 12:27:29 INFO  - jmeter.threads.JMeterThread: Thread finished: Thread Group 1-1 
2016/04/25 12:27:29 INFO  - jmeter.threads.JMeterThread: Thread started: Thread Group 1-2 
2016/04/25 12:27:29 INFO  - jmeter.threads.JMeterThread: Thread finished: Thread Group 1-2 
2016/04/25 12:27:30 INFO  - jmeter.threads.JMeterThread: Thread started: Thread Group 1-3 
2016/04/25 12:27:30 INFO  - jmeter.threads.JMeterThread: Thread finished: Thread Group 1-3 
2016/04/25 12:27:30 INFO  - jmeter.engine.StandardJMeterEngine: Notifying test listeners of end of test 
2016/04/25 12:27:30 INFO  - jmeter.gui.util.JMeterMenuBar: setRunning(false,*local*) 
2016/04/25 12:29:46 INFO  - jmeter.engine.StandardJMeterEngine: Running the test! 
2016/04/25 12:29:46 INFO  - jmeter.samplers.SampleEvent: List of sample_variables: [] 
2016/04/25 12:29:46 INFO  - jmeter.gui.util.JMeterMenuBar: setRunning(true,*local*) 
2016/04/25 12:29:46 INFO  - jmeter.engine.StandardJMeterEngine: Starting ThreadGroup: 1 : Thread Group 
2016/04/25 12:29:46 INFO  - jmeter.engine.StandardJMeterEngine: Starting 3 threads for group Thread Group. 
2016/04/25 12:29:46 INFO  - jmeter.engine.StandardJMeterEngine: Thread will continue on error 
2016/04/25 12:29:46 INFO  - jmeter.threads.ThreadGroup: Starting thread group number 1 threads 3 ramp-up 1 perThread 333.33334 delayedStart=false 
2016/04/25 12:29:46 INFO  - jmeter.threads.JMeterThread: Thread started: Thread Group 1-1 
2016/04/25 12:29:46 INFO  - jmeter.threads.JMeterThread: Thread finished: Thread Group 1-1 
2016/04/25 12:29:46 INFO  - jmeter.threads.ThreadGroup: Started thread group number 1 
2016/04/25 12:29:46 INFO  - jmeter.engine.StandardJMeterEngine: All thread groups have been started 
2016/04/25 12:29:46 INFO  - jmeter.threads.JMeterThread: Thread started: Thread Group 1-2 
2016/04/25 12:29:46 INFO  - jmeter.threads.JMeterThread: Thread finished: Thread Group 1-2 
2016/04/25 12:29:47 INFO  - jmeter.threads.JMeterThread: Thread started: Thread Group 1-3 
2016/04/25 12:29:47 INFO  - jmeter.threads.JMeterThread: Thread finished: Thread Group 1-3 
2016/04/25 12:29:47 INFO  - jmeter.engine.StandardJMeterEngine: Notifying test listeners of end of test 
2016/04/25 12:29:47 INFO  - jmeter.gui.util.JMeterMenuBar: setRunning(false,*local*) 
2016/04/25 12:29:58 INFO  - jmeter.engine.StandardJMeterEngine: Running the test! 
2016/04/25 12:29:58 INFO  - jmeter.samplers.SampleEvent: List of sample_variables: [] 
2016/04/25 12:29:58 INFO  - jmeter.gui.util.JMeterMenuBar: setRunning(true,*local*) 
2016/04/25 12:29:58 INFO  - jmeter.engine.StandardJMeterEngine: Starting ThreadGroup: 1 : Thread Group 
2016/04/25 12:29:58 INFO  - jmeter.engine.StandardJMeterEngine: Starting 3 threads for group Thread Group. 
2016/04/25 12:29:58 INFO  - jmeter.engine.StandardJMeterEngine: Thread will continue on error 
2016/04/25 12:29:58 INFO  - jmeter.threads.ThreadGroup: Starting thread group number 1 threads 3 ramp-up 1 perThread 333.33334 delayedStart=false 
2016/04/25 12:29:58 INFO  - jmeter.threads.JMeterThread: Thread started: Thread Group 1-1 
2016/04/25 12:29:58 INFO  - jmeter.threads.JMeterThread: Thread finished: Thread Group 1-1 
2016/04/25 12:29:58 INFO  - jmeter.threads.ThreadGroup: Started thread group number 1 
2016/04/25 12:29:58 INFO  - jmeter.engine.StandardJMeterEngine: All thread groups have been started 
2016/04/25 12:29:58 INFO  - jmeter.threads.JMeterThread: Thread started: Thread Group 1-2 
2016/04/25 12:29:58 INFO  - jmeter.threads.JMeterThread: Thread finished: Thread Group 1-2 
2016/04/25 12:29:59 INFO  - jmeter.threads.JMeterThread: Thread started: Thread Group 1-3 
2016/04/25 12:29:59 INFO  - jmeter.threads.JMeterThread: Thread finished: Thread Group 1-3 
2016/04/25 12:29:59 INFO  - jmeter.engine.StandardJMeterEngine: Notifying test listeners of end of test 
2016/04/25 12:29:59 INFO  - jmeter.gui.util.JMeterMenuBar: setRunning(false,*local*) 
2016/04/25 12:30:18 INFO  - jmeter.engine.StandardJMeterEngine: Running the test! 
2016/04/25 12:30:18 INFO  - jmeter.samplers.SampleEvent: List of sample_variables: [] 
2016/04/25 12:30:18 INFO  - jmeter.gui.util.JMeterMenuBar: setRunning(true,*local*) 
2016/04/25 12:30:18 INFO  - jmeter.engine.StandardJMeterEngine: Starting ThreadGroup: 1 : Thread Group 
2016/04/25 12:30:18 INFO  - jmeter.engine.StandardJMeterEngine: Starting 3 threads for group Thread Group. 
2016/04/25 12:30:18 INFO  - jmeter.engine.StandardJMeterEngine: Thread will continue on error 
2016/04/25 12:30:18 INFO  - jmeter.threads.ThreadGroup: Starting thread group number 1 threads 3 ramp-up 1 perThread 333.33334 delayedStart=false 
2016/04/25 12:30:18 INFO  - jmeter.threads.JMeterThread: Thread started: Thread Group 1-1 
2016/04/25 12:30:18 INFO  - jmeter.threads.JMeterThread: Thread finished: Thread Group 1-1 
2016/04/25 12:30:18 INFO  - jmeter.threads.ThreadGroup: Started thread group number 1 
2016/04/25 12:30:18 INFO  - jmeter.engine.StandardJMeterEngine: All thread groups have been started 
2016/04/25 12:30:18 INFO  - jmeter.threads.JMeterThread: Thread started: Thread Group 1-2 
2016/04/25 12:30:18 INFO  - jmeter.threads.JMeterThread: Thread finished: Thread Group 1-2 
2016/04/25 12:30:19 INFO  - jmeter.threads.JMeterThread: Thread started: Thread Group 1-3 
2016/04/25 12:30:19 INFO  - jmeter.threads.JMeterThread: Thread finished: Thread Group 1-3 
2016/04/25 12:30:19 INFO  - jmeter.engine.StandardJMeterEngine: Notifying test listeners of end of test 
2016/04/25 12:30:19 INFO  - jmeter.gui.util.JMeterMenuBar: setRunning(false,*local*) 
2016/04/25 12:33:24 INFO  - jmeter.engine.StandardJMeterEngine: Running the test! 
2016/04/25 12:33:24 INFO  - jmeter.samplers.SampleEvent: List of sample_variables: [] 
2016/04/25 12:33:24 INFO  - jmeter.gui.util.JMeterMenuBar: setRunning(true,*local*) 
2016/04/25 12:33:24 INFO  - jmeter.engine.StandardJMeterEngine: Starting ThreadGroup: 1 : Thread Group 
2016/04/25 12:33:24 INFO  - jmeter.engine.StandardJMeterEngine: Starting 3 threads for group Thread Group. 
2016/04/25 12:33:24 INFO  - jmeter.engine.StandardJMeterEngine: Thread will continue on error 
2016/04/25 12:33:24 INFO  - jmeter.threads.ThreadGroup: Starting thread group number 1 threads 3 ramp-up 1 perThread 333.33334 delayedStart=false 
2016/04/25 12:33:24 INFO  - jmeter.threads.JMeterThread: Thread started: Thread Group 1-1 
2016/04/25 12:33:24 INFO  - jmeter.threads.ThreadGroup: Started thread group number 1 
2016/04/25 12:33:24 INFO  - jmeter.engine.StandardJMeterEngine: All thread groups have been started 
2016/04/25 12:33:24 INFO  - jmeter.threads.JMeterThread: Thread finished: Thread Group 1-1 
2016/04/25 12:33:25 INFO  - jmeter.threads.JMeterThread: Thread started: Thread Group 1-2 
2016/04/25 12:33:25 INFO  - jmeter.threads.JMeterThread: Thread finished: Thread Group 1-2 
2016/04/25 12:33:25 INFO  - jmeter.threads.JMeterThread: Thread started: Thread Group 1-3 
2016/04/25 12:33:25 INFO  - jmeter.threads.JMeterThread: Thread finished: Thread Group 1-3 
2016/04/25 12:33:25 INFO  - jmeter.engine.StandardJMeterEngine: Notifying test listeners of end of test 
2016/04/25 12:33:25 INFO  - jmeter.gui.util.JMeterMenuBar: setRunning(false,*local*) 
2016/04/25 12:33:33 INFO  - jmeter.engine.StandardJMeterEngine: Running the test! 
2016/04/25 12:33:33 INFO  - jmeter.samplers.SampleEvent: List of sample_variables: [] 
2016/04/25 12:33:33 INFO  - jmeter.gui.util.JMeterMenuBar: setRunning(true,*local*) 
2016/04/25 12:33:33 INFO  - jmeter.engine.StandardJMeterEngine: Starting ThreadGroup: 1 : Thread Group 
2016/04/25 12:33:33 INFO  - jmeter.engine.StandardJMeterEngine: Starting 3 threads for group Thread Group. 
2016/04/25 12:33:33 INFO  - jmeter.engine.StandardJMeterEngine: Thread will continue on error 
2016/04/25 12:33:33 INFO  - jmeter.threads.ThreadGroup: Starting thread group number 1 threads 3 ramp-up 1 perThread 333.33334 delayedStart=false 
2016/04/25 12:33:33 INFO  - jmeter.threads.JMeterThread: Thread started: Thread Group 1-1 
2016/04/25 12:33:33 INFO  - jmeter.threads.JMeterThread: Thread finished: Thread Group 1-1 
2016/04/25 12:33:33 INFO  - jmeter.threads.ThreadGroup: Started thread group number 1 
2016/04/25 12:33:33 INFO  - jmeter.engine.StandardJMeterEngine: All thread groups have been started 
2016/04/25 12:33:33 INFO  - jmeter.threads.JMeterThread: Thread started: Thread Group 1-2 
2016/04/25 12:33:33 INFO  - jmeter.threads.JMeterThread: Thread finished: Thread Group 1-2 
2016/04/25 12:33:34 INFO  - jmeter.threads.JMeterThread: Thread started: Thread Group 1-3 
2016/04/25 12:33:34 INFO  - jmeter.threads.JMeterThread: Thread finished: Thread Group 1-3 
2016/04/25 12:33:34 INFO  - jmeter.engine.StandardJMeterEngine: Notifying test listeners of end of test 
2016/04/25 12:33:34 INFO  - jmeter.gui.util.JMeterMenuBar: setRunning(false,*local*) 
2016/04/25 12:34:32 INFO  - jmeter.engine.StandardJMeterEngine: Running the test! 
2016/04/25 12:34:32 INFO  - jmeter.samplers.SampleEvent: List of sample_variables: [] 
2016/04/25 12:34:32 INFO  - jmeter.gui.util.JMeterMenuBar: setRunning(true,*local*) 
2016/04/25 12:34:32 INFO  - jmeter.engine.StandardJMeterEngine: Starting ThreadGroup: 1 : Thread Group 
2016/04/25 12:34:32 INFO  - jmeter.engine.StandardJMeterEngine: Starting 3 threads for group Thread Group. 
2016/04/25 12:34:32 INFO  - jmeter.engine.StandardJMeterEngine: Thread will continue on error 
2016/04/25 12:34:32 INFO  - jmeter.threads.ThreadGroup: Starting thread group number 1 threads 3 ramp-up 1 perThread 333.33334 delayedStart=false 
2016/04/25 12:34:32 INFO  - jmeter.threads.JMeterThread: Thread started: Thread Group 1-1 
2016/04/25 12:34:32 INFO  - jmeter.threads.JMeterThread: Thread finished: Thread Group 1-1 
2016/04/25 12:34:32 INFO  - jmeter.threads.ThreadGroup: Started thread group number 1 
2016/04/25 12:34:32 INFO  - jmeter.engine.StandardJMeterEngine: All thread groups have been started 
2016/04/25 12:34:33 INFO  - jmeter.threads.JMeterThread: Thread started: Thread Group 1-2 
2016/04/25 12:34:33 INFO  - jmeter.threads.JMeterThread: Thread finished: Thread Group 1-2 
2016/04/25 12:34:33 INFO  - jmeter.threads.JMeterThread: Thread started: Thread Group 1-3 
2016/04/25 12:34:33 INFO  - jmeter.threads.JMeterThread: Thread finished: Thread Group 1-3 
2016/04/25 12:34:33 INFO  - jmeter.engine.StandardJMeterEngine: Notifying test listeners of end of test 
2016/04/25 12:34:33 INFO  - jmeter.gui.util.JMeterMenuBar: setRunning(false,*local*) 
2016/04/25 12:34:51 INFO  - jmeter.engine.StandardJMeterEngine: Running the test! 
2016/04/25 12:34:51 INFO  - jmeter.samplers.SampleEvent: List of sample_variables: [] 
2016/04/25 12:34:51 INFO  - jmeter.gui.util.JMeterMenuBar: setRunning(true,*local*) 
2016/04/25 12:34:51 INFO  - jmeter.engine.StandardJMeterEngine: Starting ThreadGroup: 1 : Thread Group 
2016/04/25 12:34:51 INFO  - jmeter.engine.StandardJMeterEngine: Starting 3 threads for group Thread Group. 
2016/04/25 12:34:51 INFO  - jmeter.engine.StandardJMeterEngine: Thread will continue on error 
2016/04/25 12:34:51 INFO  - jmeter.threads.ThreadGroup: Starting thread group number 1 threads 3 ramp-up 1 perThread 333.33334 delayedStart=false 
2016/04/25 12:34:51 INFO  - jmeter.threads.JMeterThread: Thread started: Thread Group 1-1 
2016/04/25 12:34:51 INFO  - jmeter.threads.JMeterThread: Thread finished: Thread Group 1-1 
2016/04/25 12:34:51 INFO  - jmeter.threads.ThreadGroup: Started thread group number 1 
2016/04/25 12:34:51 INFO  - jmeter.engine.StandardJMeterEngine: All thread groups have been started 
2016/04/25 12:34:51 INFO  - jmeter.threads.JMeterThread: Thread started: Thread Group 1-2 
2016/04/25 12:34:51 INFO  - jmeter.threads.JMeterThread: Thread finished: Thread Group 1-2 
2016/04/25 12:34:51 INFO  - jmeter.threads.JMeterThread: Thread started: Thread Group 1-3 
2016/04/25 12:34:51 INFO  - jmeter.threads.JMeterThread: Thread finished: Thread Group 1-3 
2016/04/25 12:34:51 INFO  - jmeter.engine.StandardJMeterEngine: Notifying test listeners of end of test 
2016/04/25 12:34:51 INFO  - jmeter.gui.util.JMeterMenuBar: setRunning(false,*local*) 
2016/04/25 12:34:53 INFO  - jmeter.engine.StandardJMeterEngine: Running the test! 
2016/04/25 12:34:53 INFO  - jmeter.samplers.SampleEvent: List of sample_variables: [] 
2016/04/25 12:34:53 INFO  - jmeter.gui.util.JMeterMenuBar: setRunning(true,*local*) 
2016/04/25 12:34:53 INFO  - jmeter.engine.StandardJMeterEngine: Starting ThreadGroup: 1 : Thread Group 
2016/04/25 12:34:53 INFO  - jmeter.engine.StandardJMeterEngine: Starting 3 threads for group Thread Group. 
2016/04/25 12:34:53 INFO  - jmeter.engine.StandardJMeterEngine: Thread will continue on error 
2016/04/25 12:34:53 INFO  - jmeter.threads.ThreadGroup: Starting thread group number 1 threads 3 ramp-up 1 perThread 333.33334 delayedStart=false 
2016/04/25 12:34:53 INFO  - jmeter.threads.JMeterThread: Thread started: Thread Group 1-1 
2016/04/25 12:34:53 INFO  - jmeter.threads.JMeterThread: Thread finished: Thread Group 1-1 
2016/04/25 12:34:53 INFO  - jmeter.threads.ThreadGroup: Started thread group number 1 
2016/04/25 12:34:53 INFO  - jmeter.engine.StandardJMeterEngine: All thread groups have been started 
2016/04/25 12:34:54 INFO  - jmeter.threads.JMeterThread: Thread started: Thread Group 1-2 
2016/04/25 12:34:54 INFO  - jmeter.threads.JMeterThread: Thread finished: Thread Group 1-2 
2016/04/25 12:34:54 INFO  - jmeter.threads.JMeterThread: Thread started: Thread Group 1-3 
2016/04/25 12:34:54 INFO  - jmeter.threads.JMeterThread: Thread finished: Thread Group 1-3 
2016/04/25 12:34:54 INFO  - jmeter.engine.StandardJMeterEngine: Notifying test listeners of end of test 
2016/04/25 12:34:54 INFO  - jmeter.gui.util.JMeterMenuBar: setRunning(false,*local*) 
2016/04/25 13:22:33 INFO  - jmeter.engine.StandardJMeterEngine: Running the test! 
2016/04/25 13:22:33 INFO  - jmeter.samplers.SampleEvent: List of sample_variables: [] 
2016/04/25 13:22:33 INFO  - jmeter.gui.util.JMeterMenuBar: setRunning(true,*local*) 
2016/04/25 13:22:33 INFO  - jmeter.engine.StandardJMeterEngine: Starting ThreadGroup: 1 : Thread Group 
2016/04/25 13:22:33 INFO  - jmeter.engine.StandardJMeterEngine: Starting 3 threads for group Thread Group. 
2016/04/25 13:22:33 INFO  - jmeter.engine.StandardJMeterEngine: Thread will continue on error 
2016/04/25 13:22:33 INFO  - jmeter.threads.ThreadGroup: Starting thread group number 1 threads 3 ramp-up 1 perThread 333.33334 delayedStart=false 
2016/04/25 13:22:33 INFO  - jmeter.threads.JMeterThread: Thread started: Thread Group 1-1 
2016/04/25 13:22:33 INFO  - jmeter.threads.JMeterThread: Thread finished: Thread Group 1-1 
2016/04/25 13:22:33 INFO  - jmeter.threads.ThreadGroup: Started thread group number 1 
2016/04/25 13:22:33 INFO  - jmeter.engine.StandardJMeterEngine: All thread groups have been started 
2016/04/25 13:22:34 INFO  - jmeter.threads.JMeterThread: Thread started: Thread Group 1-2 
2016/04/25 13:22:34 INFO  - jmeter.threads.JMeterThread: Thread finished: Thread Group 1-2 
2016/04/25 13:22:34 INFO  - jmeter.threads.JMeterThread: Thread started: Thread Group 1-3 
2016/04/25 13:22:34 INFO  - jmeter.threads.JMeterThread: Thread finished: Thread Group 1-3 
2016/04/25 13:22:34 INFO  - jmeter.engine.StandardJMeterEngine: Notifying test listeners of end of test 
2016/04/25 13:22:34 INFO  - jmeter.gui.util.JMeterMenuBar: setRunning(false,*local*) 
2016/04/25 13:22:52 INFO  - jmeter.engine.StandardJMeterEngine: Running the test! 
2016/04/25 13:22:52 INFO  - jmeter.samplers.SampleEvent: List of sample_variables: [] 
2016/04/25 13:22:52 INFO  - jmeter.gui.util.JMeterMenuBar: setRunning(true,*local*) 
2016/04/25 13:22:52 INFO  - jmeter.engine.StandardJMeterEngine: Starting ThreadGroup: 1 : Thread Group 
2016/04/25 13:22:52 INFO  - jmeter.engine.StandardJMeterEngine: Starting 3 threads for group Thread Group. 
2016/04/25 13:22:52 INFO  - jmeter.engine.StandardJMeterEngine: Thread will continue on error 
2016/04/25 13:22:52 INFO  - jmeter.threads.ThreadGroup: Starting thread group number 1 threads 3 ramp-up 1 perThread 333.33334 delayedStart=false 
2016/04/25 13:22:52 INFO  - jmeter.threads.JMeterThread: Thread started: Thread Group 1-1 
2016/04/25 13:22:52 INFO  - jmeter.threads.JMeterThread: Thread finished: Thread Group 1-1 
2016/04/25 13:22:52 INFO  - jmeter.threads.ThreadGroup: Started thread group number 1 
2016/04/25 13:22:52 INFO  - jmeter.engine.StandardJMeterEngine: All thread groups have been started 
2016/04/25 13:22:53 INFO  - jmeter.threads.JMeterThread: Thread started: Thread Group 1-2 
2016/04/25 13:22:53 INFO  - jmeter.threads.JMeterThread: Thread finished: Thread Group 1-2 
2016/04/25 13:22:53 INFO  - jmeter.threads.JMeterThread: Thread started: Thread Group 1-3 
2016/04/25 13:22:53 INFO  - jmeter.threads.JMeterThread: Thread finished: Thread Group 1-3 
2016/04/25 13:22:53 INFO  - jmeter.engine.StandardJMeterEngine: Notifying test listeners of end of test 
2016/04/25 13:22:53 INFO  - jmeter.gui.util.JMeterMenuBar: setRunning(false,*local*) 
2016/04/25 13:23:24 INFO  - jmeter.engine.StandardJMeterEngine: Running the test! 
2016/04/25 13:23:24 INFO  - jmeter.samplers.SampleEvent: List of sample_variables: [] 
2016/04/25 13:23:24 INFO  - jmeter.gui.util.JMeterMenuBar: setRunning(true,*local*) 
2016/04/25 13:23:24 INFO  - jmeter.engine.StandardJMeterEngine: Starting ThreadGroup: 1 : Thread Group 
2016/04/25 13:23:24 INFO  - jmeter.engine.StandardJMeterEngine: Starting 3 threads for group Thread Group. 
2016/04/25 13:23:24 INFO  - jmeter.engine.StandardJMeterEngine: Thread will continue on error 
2016/04/25 13:23:24 INFO  - jmeter.threads.ThreadGroup: Starting thread group number 1 threads 3 ramp-up 1 perThread 333.33334 delayedStart=false 
2016/04/25 13:23:24 INFO  - jmeter.threads.JMeterThread: Thread started: Thread Group 1-1 
2016/04/25 13:23:24 INFO  - jmeter.threads.JMeterThread: Thread finished: Thread Group 1-1 
2016/04/25 13:23:24 INFO  - jmeter.threads.ThreadGroup: Started thread group number 1 
2016/04/25 13:23:24 INFO  - jmeter.engine.StandardJMeterEngine: All thread groups have been started 
2016/04/25 13:23:24 INFO  - jmeter.threads.JMeterThread: Thread started: Thread Group 1-2 
2016/04/25 13:23:24 INFO  - jmeter.threads.JMeterThread: Thread finished: Thread Group 1-2 
2016/04/25 13:23:24 INFO  - jmeter.threads.JMeterThread: Thread started: Thread Group 1-3 
2016/04/25 13:23:24 INFO  - jmeter.threads.JMeterThread: Thread finished: Thread Group 1-3 
2016/04/25 13:23:24 INFO  - jmeter.engine.StandardJMeterEngine: Notifying test listeners of end of test 
2016/04/25 13:23:24 INFO  - jmeter.gui.util.JMeterMenuBar: setRunning(false,*local*) 
2016/04/25 13:25:14 INFO  - jmeter.engine.StandardJMeterEngine: Running the test! 
2016/04/25 13:25:14 INFO  - jmeter.samplers.SampleEvent: List of sample_variables: [] 
2016/04/25 13:25:14 INFO  - jmeter.gui.util.JMeterMenuBar: setRunning(true,*local*) 
2016/04/25 13:25:14 INFO  - jmeter.engine.StandardJMeterEngine: Starting ThreadGroup: 1 : Thread Group 
2016/04/25 13:25:14 INFO  - jmeter.engine.StandardJMeterEngine: Starting 3 threads for group Thread Group. 
2016/04/25 13:25:14 INFO  - jmeter.engine.StandardJMeterEngine: Thread will continue on error 
2016/04/25 13:25:14 INFO  - jmeter.threads.ThreadGroup: Starting thread group number 1 threads 3 ramp-up 1 perThread 333.33334 delayedStart=false 
2016/04/25 13:25:14 INFO  - jmeter.threads.JMeterThread: Thread started: Thread Group 1-1 
2016/04/25 13:25:14 INFO  - jmeter.threads.JMeterThread: Thread finished: Thread Group 1-1 
2016/04/25 13:25:14 INFO  - jmeter.threads.ThreadGroup: Started thread group number 1 
2016/04/25 13:25:14 INFO  - jmeter.engine.StandardJMeterEngine: All thread groups have been started 
2016/04/25 13:25:14 INFO  - jmeter.threads.JMeterThread: Thread started: Thread Group 1-2 
2016/04/25 13:25:14 INFO  - jmeter.threads.JMeterThread: Thread finished: Thread Group 1-2 
2016/04/25 13:25:14 INFO  - jmeter.threads.JMeterThread: Thread started: Thread Group 1-3 
2016/04/25 13:25:14 INFO  - jmeter.threads.JMeterThread: Thread finished: Thread Group 1-3 
2016/04/25 13:25:14 INFO  - jmeter.engine.StandardJMeterEngine: Notifying test listeners of end of test 
2016/04/25 13:25:14 INFO  - jmeter.gui.util.JMeterMenuBar: setRunning(false,*local*) 
2016/04/25 13:25:17 INFO  - jmeter.engine.StandardJMeterEngine: Running the test! 
2016/04/25 13:25:17 INFO  - jmeter.samplers.SampleEvent: List of sample_variables: [] 
2016/04/25 13:25:17 INFO  - jmeter.gui.util.JMeterMenuBar: setRunning(true,*local*) 
2016/04/25 13:25:17 INFO  - jmeter.engine.StandardJMeterEngine: Starting ThreadGroup: 1 : Thread Group 
2016/04/25 13:25:17 INFO  - jmeter.engine.StandardJMeterEngine: Starting 3 threads for group Thread Group. 
2016/04/25 13:25:17 INFO  - jmeter.engine.StandardJMeterEngine: Thread will continue on error 
2016/04/25 13:25:17 INFO  - jmeter.threads.ThreadGroup: Starting thread group number 1 threads 3 ramp-up 1 perThread 333.33334 delayedStart=false 
2016/04/25 13:25:17 INFO  - jmeter.threads.JMeterThread: Thread started: Thread Group 1-1 
2016/04/25 13:25:17 INFO  - jmeter.threads.JMeterThread: Thread finished: Thread Group 1-1 
2016/04/25 13:25:17 INFO  - jmeter.threads.ThreadGroup: Started thread group number 1 
2016/04/25 13:25:17 INFO  - jmeter.engine.StandardJMeterEngine: All thread groups have been started 
2016/04/25 13:25:17 INFO  - jmeter.threads.JMeterThread: Thread started: Thread Group 1-2 
2016/04/25 13:25:17 INFO  - jmeter.threads.JMeterThread: Thread finished: Thread Group 1-2 
2016/04/25 13:25:18 INFO  - jmeter.threads.JMeterThread: Thread started: Thread Group 1-3 
2016/04/25 13:25:18 INFO  - jmeter.threads.JMeterThread: Thread finished: Thread Group 1-3 
2016/04/25 13:25:18 INFO  - jmeter.engine.StandardJMeterEngine: Notifying test listeners of end of test 
2016/04/25 13:25:18 INFO  - jmeter.gui.util.JMeterMenuBar: setRunning(false,*local*) 
2016/04/25 13:25:56 INFO  - jmeter.engine.StandardJMeterEngine: Running the test! 
2016/04/25 13:25:56 INFO  - jmeter.samplers.SampleEvent: List of sample_variables: [] 
2016/04/25 13:25:56 INFO  - jmeter.gui.util.JMeterMenuBar: setRunning(true,*local*) 
2016/04/25 13:25:56 INFO  - jmeter.engine.StandardJMeterEngine: Starting ThreadGroup: 1 : Thread Group 
2016/04/25 13:25:56 INFO  - jmeter.engine.StandardJMeterEngine: Starting 3 threads for group Thread Group. 
2016/04/25 13:25:56 INFO  - jmeter.engine.StandardJMeterEngine: Thread will continue on error 
2016/04/25 13:25:56 INFO  - jmeter.threads.ThreadGroup: Starting thread group number 1 threads 3 ramp-up 10 perThread 3333.3333 delayedStart=false 
2016/04/25 13:25:56 INFO  - jmeter.threads.JMeterThread: Thread started: Thread Group 1-1 
2016/04/25 13:25:56 INFO  - jmeter.threads.JMeterThread: Thread finished: Thread Group 1-1 
2016/04/25 13:25:56 INFO  - jmeter.threads.ThreadGroup: Started thread group number 1 
2016/04/25 13:25:56 INFO  - jmeter.engine.StandardJMeterEngine: All thread groups have been started 
2016/04/25 13:26:00 INFO  - jmeter.threads.JMeterThread: Thread started: Thread Group 1-2 
2016/04/25 13:26:00 INFO  - jmeter.threads.JMeterThread: Thread finished: Thread Group 1-2 
2016/04/25 13:26:03 INFO  - jmeter.threads.JMeterThread: Thread started: Thread Group 1-3 
2016/04/25 13:26:03 INFO  - jmeter.threads.JMeterThread: Thread finished: Thread Group 1-3 
2016/04/25 13:26:03 INFO  - jmeter.engine.StandardJMeterEngine: Notifying test listeners of end of test 
2016/04/25 13:26:03 INFO  - jmeter.gui.util.JMeterMenuBar: setRunning(false,*local*) 
2016/04/25 13:26:13 INFO  - jmeter.engine.StandardJMeterEngine: Running the test! 
2016/04/25 13:26:13 INFO  - jmeter.samplers.SampleEvent: List of sample_variables: [] 
2016/04/25 13:26:13 INFO  - jmeter.gui.util.JMeterMenuBar: setRunning(true,*local*) 
2016/04/25 13:26:13 INFO  - jmeter.engine.StandardJMeterEngine: Starting ThreadGroup: 1 : Thread Group 
2016/04/25 13:26:13 INFO  - jmeter.engine.StandardJMeterEngine: Starting 3 threads for group Thread Group. 
2016/04/25 13:26:13 INFO  - jmeter.engine.StandardJMeterEngine: Thread will continue on error 
2016/04/25 13:26:13 INFO  - jmeter.threads.ThreadGroup: Starting thread group number 1 threads 3 ramp-up 10 perThread 3333.3333 delayedStart=false 
2016/04/25 13:26:13 INFO  - jmeter.threads.JMeterThread: Thread started: Thread Group 1-1 
2016/04/25 13:26:13 INFO  - jmeter.threads.JMeterThread: Thread finished: Thread Group 1-1 
2016/04/25 13:26:13 INFO  - jmeter.threads.ThreadGroup: Started thread group number 1 
2016/04/25 13:26:13 INFO  - jmeter.engine.StandardJMeterEngine: All thread groups have been started 
2016/04/25 13:26:16 INFO  - jmeter.threads.JMeterThread: Thread started: Thread Group 1-2 
2016/04/25 13:26:16 INFO  - jmeter.threads.JMeterThread: Thread finished: Thread Group 1-2 
2016/04/25 13:26:20 INFO  - jmeter.threads.JMeterThread: Thread started: Thread Group 1-3 
2016/04/25 13:26:20 INFO  - jmeter.threads.JMeterThread: Thread finished: Thread Group 1-3 
2016/04/25 13:26:20 INFO  - jmeter.engine.StandardJMeterEngine: Notifying test listeners of end of test 
2016/04/25 13:26:20 INFO  - jmeter.gui.util.JMeterMenuBar: setRunning(false,*local*) 
2016/04/25 13:26:37 INFO  - jmeter.engine.StandardJMeterEngine: Running the test! 
2016/04/25 13:26:37 INFO  - jmeter.samplers.SampleEvent: List of sample_variables: [] 
2016/04/25 13:26:37 INFO  - jmeter.gui.util.JMeterMenuBar: setRunning(true,*local*) 
2016/04/25 13:26:38 INFO  - jmeter.engine.StandardJMeterEngine: Starting ThreadGroup: 1 : Thread Group 
2016/04/25 13:26:38 INFO  - jmeter.engine.StandardJMeterEngine: Starting 3 threads for group Thread Group. 
2016/04/25 13:26:38 INFO  - jmeter.engine.StandardJMeterEngine: Thread will continue on error 
2016/04/25 13:26:38 INFO  - jmeter.threads.ThreadGroup: Starting thread group number 1 threads 3 ramp-up 10 perThread 3333.3333 delayedStart=false 
2016/04/25 13:26:38 INFO  - jmeter.threads.JMeterThread: Thread started: Thread Group 1-1 
2016/04/25 13:26:38 INFO  - jmeter.threads.ThreadGroup: Started thread group number 1 
2016/04/25 13:26:38 INFO  - jmeter.engine.StandardJMeterEngine: All thread groups have been started 
2016/04/25 13:26:38 INFO  - jmeter.threads.JMeterThread: Thread finished: Thread Group 1-1 
2016/04/25 13:26:41 INFO  - jmeter.threads.JMeterThread: Thread started: Thread Group 1-2 
2016/04/25 13:26:41 INFO  - jmeter.threads.JMeterThread: Thread finished: Thread Group 1-2 
2016/04/25 13:26:44 INFO  - jmeter.threads.JMeterThread: Thread started: Thread Group 1-3 
2016/04/25 13:26:44 INFO  - jmeter.threads.JMeterThread: Thread finished: Thread Group 1-3 
2016/04/25 13:26:44 INFO  - jmeter.engine.StandardJMeterEngine: Notifying test listeners of end of test 
2016/04/25 13:26:44 INFO  - jmeter.gui.util.JMeterMenuBar: setRunning(false,*local*) 
2016/04/25 13:27:06 INFO  - jmeter.engine.StandardJMeterEngine: Running the test! 
2016/04/25 13:27:06 INFO  - jmeter.samplers.SampleEvent: List of sample_variables: [] 
2016/04/25 13:27:06 INFO  - jmeter.gui.util.JMeterMenuBar: setRunning(true,*local*) 
2016/04/25 13:27:06 INFO  - jmeter.engine.StandardJMeterEngine: Starting ThreadGroup: 1 : Thread Group 
2016/04/25 13:27:06 INFO  - jmeter.engine.StandardJMeterEngine: Starting 3 threads for group Thread Group. 
2016/04/25 13:27:06 INFO  - jmeter.engine.StandardJMeterEngine: Thread will continue on error 
2016/04/25 13:27:06 INFO  - jmeter.threads.ThreadGroup: Starting thread group number 1 threads 3 ramp-up 10 perThread 3333.3333 delayedStart=false 
2016/04/25 13:27:06 INFO  - jmeter.threads.ThreadGroup: Started thread group number 1 
2016/04/25 13:27:06 INFO  - jmeter.engine.StandardJMeterEngine: All thread groups have been started 
2016/04/25 13:27:06 INFO  - jmeter.threads.JMeterThread: Thread started: Thread Group 1-1 
2016/04/25 13:27:06 INFO  - jmeter.threads.JMeterThread: Thread finished: Thread Group 1-1 
2016/04/25 13:27:09 INFO  - jmeter.threads.JMeterThread: Thread started: Thread Group 1-2 
2016/04/25 13:27:09 INFO  - jmeter.threads.JMeterThread: Thread finished: Thread Group 1-2 
2016/04/25 13:27:12 INFO  - jmeter.threads.JMeterThread: Thread started: Thread Group 1-3 
2016/04/25 13:27:12 INFO  - jmeter.threads.JMeterThread: Thread finished: Thread Group 1-3 
2016/04/25 13:27:12 INFO  - jmeter.engine.StandardJMeterEngine: Notifying test listeners of end of test 
2016/04/25 13:27:12 INFO  - jmeter.gui.util.JMeterMenuBar: setRunning(false,*local*) 
2016/04/25 13:27:17 INFO  - jmeter.engine.StandardJMeterEngine: Running the test! 
2016/04/25 13:27:17 INFO  - jmeter.samplers.SampleEvent: List of sample_variables: [] 
2016/04/25 13:27:17 INFO  - jmeter.gui.util.JMeterMenuBar: setRunning(true,*local*) 
2016/04/25 13:27:17 INFO  - jmeter.engine.StandardJMeterEngine: Starting ThreadGroup: 1 : Thread Group 
2016/04/25 13:27:17 INFO  - jmeter.engine.StandardJMeterEngine: Starting 3 threads for group Thread Group. 
2016/04/25 13:27:17 INFO  - jmeter.engine.StandardJMeterEngine: Thread will continue on error 
2016/04/25 13:27:17 INFO  - jmeter.threads.ThreadGroup: Starting thread group number 1 threads 3 ramp-up 10 perThread 3333.3333 delayedStart=false 
2016/04/25 13:27:17 INFO  - jmeter.threads.JMeterThread: Thread started: Thread Group 1-1 
2016/04/25 13:27:17 INFO  - jmeter.threads.JMeterThread: Thread finished: Thread Group 1-1 
2016/04/25 13:27:17 INFO  - jmeter.threads.ThreadGroup: Started thread group number 1 
2016/04/25 13:27:17 INFO  - jmeter.engine.StandardJMeterEngine: All thread groups have been started 
2016/04/25 13:27:20 INFO  - jmeter.threads.JMeterThread: Thread started: Thread Group 1-2 
2016/04/25 13:27:20 INFO  - jmeter.threads.JMeterThread: Thread finished: Thread Group 1-2 
2016/04/25 13:27:24 INFO  - jmeter.threads.JMeterThread: Thread started: Thread Group 1-3 
2016/04/25 13:27:24 INFO  - jmeter.threads.JMeterThread: Thread finished: Thread Group 1-3 
2016/04/25 13:27:24 INFO  - jmeter.engine.StandardJMeterEngine: Notifying test listeners of end of test 
2016/04/25 13:27:24 INFO  - jmeter.gui.util.JMeterMenuBar: setRunning(false,*local*) 
2016/04/25 13:27:37 INFO  - jmeter.engine.StandardJMeterEngine: Running the test! 
2016/04/25 13:27:37 INFO  - jmeter.samplers.SampleEvent: List of sample_variables: [] 
2016/04/25 13:27:37 INFO  - jmeter.gui.util.JMeterMenuBar: setRunning(true,*local*) 
2016/04/25 13:27:38 INFO  - jmeter.engine.StandardJMeterEngine: Starting ThreadGroup: 1 : Thread Group 
2016/04/25 13:27:38 INFO  - jmeter.engine.StandardJMeterEngine: Starting 3 threads for group Thread Group. 
2016/04/25 13:27:38 INFO  - jmeter.engine.StandardJMeterEngine: Thread will continue on error 
2016/04/25 13:27:38 INFO  - jmeter.threads.ThreadGroup: Starting thread group number 1 threads 3 ramp-up 10 perThread 3333.3333 delayedStart=false 
2016/04/25 13:27:38 INFO  - jmeter.threads.JMeterThread: Thread started: Thread Group 1-1 
2016/04/25 13:27:38 INFO  - jmeter.threads.JMeterThread: Thread finished: Thread Group 1-1 
2016/04/25 13:27:38 INFO  - jmeter.threads.ThreadGroup: Started thread group number 1 
2016/04/25 13:27:38 INFO  - jmeter.engine.StandardJMeterEngine: All thread groups have been started 
2016/04/25 13:27:41 INFO  - jmeter.threads.JMeterThread: Thread started: Thread Group 1-2 
2016/04/25 13:27:41 INFO  - jmeter.threads.JMeterThread: Thread finished: Thread Group 1-2 
2016/04/25 13:27:44 INFO  - jmeter.threads.JMeterThread: Thread started: Thread Group 1-3 
2016/04/25 13:27:44 INFO  - jmeter.threads.JMeterThread: Thread finished: Thread Group 1-3 
2016/04/25 13:27:44 INFO  - jmeter.engine.StandardJMeterEngine: Notifying test listeners of end of test 
2016/04/25 13:27:44 INFO  - jmeter.gui.util.JMeterMenuBar: setRunning(false,*local*) 
2016/04/25 13:28:06 INFO  - jmeter.engine.StandardJMeterEngine: Running the test! 
2016/04/25 13:28:06 INFO  - jmeter.samplers.SampleEvent: List of sample_variables: [] 
2016/04/25 13:28:06 INFO  - jmeter.gui.util.JMeterMenuBar: setRunning(true,*local*) 
2016/04/25 13:28:06 INFO  - jmeter.engine.StandardJMeterEngine: Starting ThreadGroup: 1 : Thread Group 
2016/04/25 13:28:06 INFO  - jmeter.engine.StandardJMeterEngine: Starting 3 threads for group Thread Group. 
2016/04/25 13:28:06 INFO  - jmeter.engine.StandardJMeterEngine: Thread will continue on error 
2016/04/25 13:28:06 INFO  - jmeter.threads.ThreadGroup: Starting thread group number 1 threads 3 ramp-up 10 perThread 3333.3333 delayedStart=false 
2016/04/25 13:28:06 INFO  - jmeter.threads.JMeterThread: Thread started: Thread Group 1-1 
2016/04/25 13:28:06 INFO  - jmeter.threads.JMeterThread: Thread finished: Thread Group 1-1 
2016/04/25 13:28:06 INFO  - jmeter.threads.ThreadGroup: Started thread group number 1 
2016/04/25 13:28:06 INFO  - jmeter.engine.StandardJMeterEngine: All thread groups have been started 
2016/04/25 13:28:09 INFO  - jmeter.threads.JMeterThread: Thread started: Thread Group 1-2 
2016/04/25 13:28:09 INFO  - jmeter.threads.JMeterThread: Thread finished: Thread Group 1-2 
2016/04/25 13:28:12 INFO  - jmeter.threads.JMeterThread: Thread started: Thread Group 1-3 
2016/04/25 13:28:12 INFO  - jmeter.threads.JMeterThread: Thread finished: Thread Group 1-3 
2016/04/25 13:28:12 INFO  - jmeter.engine.StandardJMeterEngine: Notifying test listeners of end of test 
2016/04/25 13:28:12 INFO  - jmeter.gui.util.JMeterMenuBar: setRunning(false,*local*) 
2016/04/25 13:29:21 INFO  - jmeter.engine.StandardJMeterEngine: Running the test! 
2016/04/25 13:29:21 INFO  - jmeter.samplers.SampleEvent: List of sample_variables: [] 
2016/04/25 13:29:21 INFO  - jmeter.gui.util.JMeterMenuBar: setRunning(true,*local*) 
2016/04/25 13:29:21 INFO  - jmeter.engine.StandardJMeterEngine: Starting ThreadGroup: 1 : Thread Group 
2016/04/25 13:29:21 INFO  - jmeter.engine.StandardJMeterEngine: Starting 3 threads for group Thread Group. 
2016/04/25 13:29:21 INFO  - jmeter.engine.StandardJMeterEngine: Thread will continue on error 
2016/04/25 13:29:21 INFO  - jmeter.threads.ThreadGroup: Starting thread group number 1 threads 3 ramp-up 10 perThread 3333.3333 delayedStart=false 
2016/04/25 13:29:21 INFO  - jmeter.threads.JMeterThread: Thread started: Thread Group 1-1 
2016/04/25 13:29:21 INFO  - jmeter.threads.JMeterThread: Thread finished: Thread Group 1-1 
2016/04/25 13:29:21 INFO  - jmeter.threads.ThreadGroup: Started thread group number 1 
2016/04/25 13:29:21 INFO  - jmeter.engine.StandardJMeterEngine: All thread groups have been started 
2016/04/25 13:29:25 INFO  - jmeter.threads.JMeterThread: Thread started: Thread Group 1-2 
2016/04/25 13:29:25 INFO  - jmeter.threads.JMeterThread: Thread finished: Thread Group 1-2 
2016/04/25 13:29:28 INFO  - jmeter.threads.JMeterThread: Thread started: Thread Group 1-3 
2016/04/25 13:29:28 INFO  - jmeter.threads.JMeterThread: Thread finished: Thread Group 1-3 
2016/04/25 13:29:28 INFO  - jmeter.engine.StandardJMeterEngine: Notifying test listeners of end of test 
2016/04/25 13:29:28 INFO  - jmeter.gui.util.JMeterMenuBar: setRunning(false,*local*) 
2016/04/25 13:30:19 INFO  - jmeter.engine.StandardJMeterEngine: Running the test! 
2016/04/25 13:30:19 INFO  - jmeter.samplers.SampleEvent: List of sample_variables: [] 
2016/04/25 13:30:19 INFO  - jmeter.gui.util.JMeterMenuBar: setRunning(true,*local*) 
2016/04/25 13:30:19 INFO  - jmeter.engine.StandardJMeterEngine: Starting ThreadGroup: 1 : Thread Group 
2016/04/25 13:30:19 INFO  - jmeter.engine.StandardJMeterEngine: Starting 3 threads for group Thread Group. 
2016/04/25 13:30:19 INFO  - jmeter.engine.StandardJMeterEngine: Thread will continue on error 
2016/04/25 13:30:19 INFO  - jmeter.threads.ThreadGroup: Starting thread group number 1 threads 3 ramp-up 10 perThread 3333.3333 delayedStart=false 
2016/04/25 13:30:19 INFO  - jmeter.threads.JMeterThread: Thread started: Thread Group 1-1 
2016/04/25 13:30:19 INFO  - jmeter.threads.JMeterThread: Thread finished: Thread Group 1-1 
2016/04/25 13:30:19 INFO  - jmeter.threads.ThreadGroup: Started thread group number 1 
2016/04/25 13:30:19 INFO  - jmeter.engine.StandardJMeterEngine: All thread groups have been started 
2016/04/25 13:30:22 INFO  - jmeter.threads.JMeterThread: Thread started: Thread Group 1-2 
2016/04/25 13:30:22 INFO  - jmeter.threads.JMeterThread: Thread finished: Thread Group 1-2 
2016/04/25 13:30:25 INFO  - jmeter.threads.JMeterThread: Thread started: Thread Group 1-3 
2016/04/25 13:30:25 INFO  - jmeter.threads.JMeterThread: Thread finished: Thread Group 1-3 
2016/04/25 13:30:25 INFO  - jmeter.engine.StandardJMeterEngine: Notifying test listeners of end of test 
2016/04/25 13:30:25 INFO  - jmeter.gui.util.JMeterMenuBar: setRunning(false,*local*) 
2016/04/25 13:30:53 INFO  - jmeter.engine.StandardJMeterEngine: Running the test! 
2016/04/25 13:30:53 INFO  - jmeter.samplers.SampleEvent: List of sample_variables: [] 
2016/04/25 13:30:53 INFO  - jmeter.gui.util.JMeterMenuBar: setRunning(true,*local*) 
2016/04/25 13:30:53 INFO  - jmeter.engine.StandardJMeterEngine: Starting ThreadGroup: 1 : Thread Group 
2016/04/25 13:30:53 INFO  - jmeter.engine.StandardJMeterEngine: Starting 3 threads for group Thread Group. 
2016/04/25 13:30:53 INFO  - jmeter.engine.StandardJMeterEngine: Thread will continue on error 
2016/04/25 13:30:53 INFO  - jmeter.threads.ThreadGroup: Starting thread group number 1 threads 3 ramp-up 10 perThread 3333.3333 delayedStart=false 
2016/04/25 13:30:53 INFO  - jmeter.threads.ThreadGroup: Started thread group number 1 
2016/04/25 13:30:53 INFO  - jmeter.engine.StandardJMeterEngine: All thread groups have been started 
2016/04/25 13:30:53 INFO  - jmeter.threads.JMeterThread: Thread started: Thread Group 1-1 
2016/04/25 13:30:53 INFO  - jmeter.threads.JMeterThread: Thread finished: Thread Group 1-1 
2016/04/25 13:30:57 INFO  - jmeter.threads.JMeterThread: Thread started: Thread Group 1-2 
2016/04/25 13:30:57 INFO  - jmeter.threads.JMeterThread: Thread finished: Thread Group 1-2 
2016/04/25 13:31:00 INFO  - jmeter.threads.JMeterThread: Thread started: Thread Group 1-3 
2016/04/25 13:31:00 INFO  - jmeter.threads.JMeterThread: Thread finished: Thread Group 1-3 
2016/04/25 13:31:00 INFO  - jmeter.engine.StandardJMeterEngine: Notifying test listeners of end of test 
2016/04/25 13:31:00 INFO  - jmeter.gui.util.JMeterMenuBar: setRunning(false,*local*) 
2016/04/25 13:31:31 INFO  - jmeter.engine.StandardJMeterEngine: Running the test! 
2016/04/25 13:31:31 INFO  - jmeter.samplers.SampleEvent: List of sample_variables: [] 
2016/04/25 13:31:31 INFO  - jmeter.gui.util.JMeterMenuBar: setRunning(true,*local*) 
2016/04/25 13:31:31 INFO  - jmeter.engine.StandardJMeterEngine: Starting ThreadGroup: 1 : Thread Group 
2016/04/25 13:31:31 INFO  - jmeter.engine.StandardJMeterEngine: Starting 3 threads for group Thread Group. 
2016/04/25 13:31:31 INFO  - jmeter.engine.StandardJMeterEngine: Thread will continue on error 
2016/04/25 13:31:31 INFO  - jmeter.threads.ThreadGroup: Starting thread group number 1 threads 3 ramp-up 1 perThread 333.33334 delayedStart=false 
2016/04/25 13:31:31 INFO  - jmeter.threads.JMeterThread: Thread started: Thread Group 1-1 
2016/04/25 13:31:31 INFO  - jmeter.threads.JMeterThread: Thread finished: Thread Group 1-1 
2016/04/25 13:31:31 INFO  - jmeter.threads.ThreadGroup: Started thread group number 1 
2016/04/25 13:31:31 INFO  - jmeter.engine.StandardJMeterEngine: All thread groups have been started 
2016/04/25 13:31:32 INFO  - jmeter.threads.JMeterThread: Thread started: Thread Group 1-2 
2016/04/25 13:31:32 INFO  - jmeter.threads.JMeterThread: Thread finished: Thread Group 1-2 
2016/04/25 13:31:32 INFO  - jmeter.threads.JMeterThread: Thread started: Thread Group 1-3 
2016/04/25 13:31:32 INFO  - jmeter.threads.JMeterThread: Thread finished: Thread Group 1-3 
2016/04/25 13:31:32 INFO  - jmeter.engine.StandardJMeterEngine: Notifying test listeners of end of test 
2016/04/25 13:31:32 INFO  - jmeter.gui.util.JMeterMenuBar: setRunning(false,*local*) 
2016/04/25 13:38:52 INFO  - jmeter.engine.StandardJMeterEngine: Running the test! 
2016/04/25 13:38:52 INFO  - jmeter.samplers.SampleEvent: List of sample_variables: [] 
2016/04/25 13:38:52 INFO  - jmeter.gui.util.JMeterMenuBar: setRunning(true,*local*) 
2016/04/25 13:38:52 INFO  - jmeter.engine.StandardJMeterEngine: Starting ThreadGroup: 1 : Thread Group 
2016/04/25 13:38:52 INFO  - jmeter.engine.StandardJMeterEngine: Starting 3 threads for group Thread Group. 
2016/04/25 13:38:52 INFO  - jmeter.engine.StandardJMeterEngine: Thread will continue on error 
2016/04/25 13:38:52 INFO  - jmeter.threads.ThreadGroup: Starting thread group number 1 threads 3 ramp-up 1 perThread 333.33334 delayedStart=false 
2016/04/25 13:38:52 INFO  - jmeter.threads.JMeterThread: Thread started: Thread Group 1-1 
2016/04/25 13:38:52 INFO  - jmeter.threads.ThreadGroup: Started thread group number 1 
2016/04/25 13:38:52 INFO  - jmeter.engine.StandardJMeterEngine: All thread groups have been started 
2016/04/25 13:38:52 INFO  - jmeter.protocol.http.sampler.HTTPHCAbstractImpl: Local host = lahiru-ThinkPad-X1-Carbon-3rd 
2016/04/25 13:38:52 INFO  - jmeter.protocol.http.sampler.HTTPHC4Impl: HTTP request retry count = 0 
2016/04/25 13:38:52 INFO  - jmeter.protocol.http.sampler.HTTPHC4Impl: Setting up HTTPS TrustAll scheme 
2016/04/25 13:38:52 INFO  - jmeter.util.JsseSSLManager: Using default SSL protocol: TLS 
2016/04/25 13:38:52 INFO  - jmeter.util.JsseSSLManager: SSL session context: per-thread 
2016/04/25 13:38:52 INFO  - jmeter.threads.JMeterThread: Thread finished: Thread Group 1-1 
2016/04/25 13:38:52 INFO  - jmeter.threads.JMeterThread: Thread started: Thread Group 1-2 
2016/04/25 13:38:52 INFO  - jmeter.threads.JMeterThread: Thread finished: Thread Group 1-2 
2016/04/25 13:38:52 INFO  - jmeter.threads.JMeterThread: Thread started: Thread Group 1-3 
2016/04/25 13:38:52 INFO  - jmeter.threads.JMeterThread: Thread finished: Thread Group 1-3 
2016/04/25 13:38:52 INFO  - jmeter.engine.StandardJMeterEngine: Notifying test listeners of end of test 
2016/04/25 13:38:52 INFO  - jmeter.gui.util.JMeterMenuBar: setRunning(false,*local*) 
2016/04/25 13:40:58 INFO  - jmeter.engine.StandardJMeterEngine: Running the test! 
2016/04/25 13:40:58 INFO  - jmeter.samplers.SampleEvent: List of sample_variables: [] 
2016/04/25 13:40:58 INFO  - jmeter.gui.util.JMeterMenuBar: setRunning(true,*local*) 
2016/04/25 13:40:58 INFO  - jmeter.engine.StandardJMeterEngine: Starting ThreadGroup: 1 : Thread Group 
2016/04/25 13:40:58 INFO  - jmeter.engine.StandardJMeterEngine: Starting 3 threads for group Thread Group. 
2016/04/25 13:40:58 INFO  - jmeter.engine.StandardJMeterEngine: Thread will continue on error 
2016/04/25 13:40:58 INFO  - jmeter.threads.ThreadGroup: Starting thread group number 1 threads 3 ramp-up 1 perThread 333.33334 delayedStart=false 
2016/04/25 13:40:58 INFO  - jmeter.threads.JMeterThread: Thread started: Thread Group 1-1 
2016/04/25 13:40:58 INFO  - jmeter.threads.ThreadGroup: Started thread group number 1 
2016/04/25 13:40:58 INFO  - jmeter.engine.StandardJMeterEngine: All thread groups have been started 
2016/04/25 13:40:58 INFO  - jmeter.threads.JMeterThread: Thread finished: Thread Group 1-1 
2016/04/25 13:40:58 INFO  - jmeter.threads.JMeterThread: Thread started: Thread Group 1-2 
2016/04/25 13:40:58 INFO  - jmeter.threads.JMeterThread: Thread finished: Thread Group 1-2 
2016/04/25 13:40:58 INFO  - jmeter.threads.JMeterThread: Thread started: Thread Group 1-3 
2016/04/25 13:40:59 INFO  - jmeter.threads.JMeterThread: Thread finished: Thread Group 1-3 
2016/04/25 13:40:59 INFO  - jmeter.engine.StandardJMeterEngine: Notifying test listeners of end of test 
2016/04/25 13:40:59 INFO  - jmeter.gui.util.JMeterMenuBar: setRunning(false,*local*) 
2016/04/25 13:41:30 INFO  - jmeter.engine.StandardJMeterEngine: Running the test! 
2016/04/25 13:41:30 INFO  - jmeter.samplers.SampleEvent: List of sample_variables: [] 
2016/04/25 13:41:30 INFO  - jmeter.gui.util.JMeterMenuBar: setRunning(true,*local*) 
2016/04/25 13:41:30 INFO  - jmeter.engine.StandardJMeterEngine: Starting ThreadGroup: 1 : Thread Group 
2016/04/25 13:41:30 INFO  - jmeter.engine.StandardJMeterEngine: Starting 3 threads for group Thread Group. 
2016/04/25 13:41:30 INFO  - jmeter.engine.StandardJMeterEngine: Thread will continue on error 
2016/04/25 13:41:30 INFO  - jmeter.threads.ThreadGroup: Starting thread group number 1 threads 3 ramp-up 1 perThread 333.33334 delayedStart=false 
2016/04/25 13:41:30 INFO  - jmeter.threads.JMeterThread: Thread started: Thread Group 1-1 
2016/04/25 13:41:30 INFO  - jmeter.threads.ThreadGroup: Started thread group number 1 
2016/04/25 13:41:30 INFO  - jmeter.engine.StandardJMeterEngine: All thread groups have been started 
2016/04/25 13:41:30 INFO  - jmeter.threads.JMeterThread: Thread finished: Thread Group 1-1 
2016/04/25 13:41:30 INFO  - jmeter.threads.JMeterThread: Thread started: Thread Group 1-2 
2016/04/25 13:41:30 INFO  - jmeter.threads.JMeterThread: Thread finished: Thread Group 1-2 
2016/04/25 13:41:30 INFO  - jmeter.threads.JMeterThread: Thread started: Thread Group 1-3 
2016/04/25 13:41:30 INFO  - jmeter.threads.JMeterThread: Thread finished: Thread Group 1-3 
2016/04/25 13:41:30 INFO  - jmeter.engine.StandardJMeterEngine: Notifying test listeners of end of test 
2016/04/25 13:41:30 INFO  - jmeter.gui.util.JMeterMenuBar: setRunning(false,*local*) 
2016/04/25 13:42:53 INFO  - jmeter.engine.StandardJMeterEngine: Running the test! 
2016/04/25 13:42:53 INFO  - jmeter.samplers.SampleEvent: List of sample_variables: [] 
2016/04/25 13:42:53 INFO  - jmeter.gui.util.JMeterMenuBar: setRunning(true,*local*) 
2016/04/25 13:42:54 INFO  - jmeter.engine.StandardJMeterEngine: Starting ThreadGroup: 1 : Thread Group 
2016/04/25 13:42:54 INFO  - jmeter.engine.StandardJMeterEngine: Starting 5 threads for group Thread Group. 
2016/04/25 13:42:54 INFO  - jmeter.engine.StandardJMeterEngine: Thread will continue on error 
2016/04/25 13:42:54 INFO  - jmeter.threads.ThreadGroup: Starting thread group number 1 threads 5 ramp-up 1 perThread 200.0 delayedStart=false 
2016/04/25 13:42:54 INFO  - jmeter.threads.JMeterThread: Thread started: Thread Group 1-1 
2016/04/25 13:42:54 INFO  - jmeter.threads.ThreadGroup: Started thread group number 1 
2016/04/25 13:42:54 INFO  - jmeter.engine.StandardJMeterEngine: All thread groups have been started 
2016/04/25 13:42:54 INFO  - jmeter.threads.JMeterThread: Thread started: Thread Group 1-2 
2016/04/25 13:42:54 INFO  - jmeter.threads.JMeterThread: Thread started: Thread Group 1-3 
2016/04/25 13:42:54 INFO  - jmeter.threads.JMeterThread: Thread started: Thread Group 1-4 
2016/04/25 13:42:54 INFO  - jmeter.threads.JMeterThread: Thread started: Thread Group 1-5 
2016/04/25 13:44:12 INFO  - jmeter.gui.action.Start: Stopping test 
2016/04/25 13:44:12 INFO  - jmeter.threads.JMeterThread: Stopping: Thread Group 1-4 
2016/04/25 13:44:12 INFO  - jmeter.threads.JMeterThread: Stopping: Thread Group 1-1 
2016/04/25 13:44:12 WARN  - jmeter.util.JMeterUtils: Interrupted in thread Thread Group 1-4 java.lang.InterruptedException
	at java.lang.Object.wait(Native Method)
	at java.lang.Object.wait(Object.java:503)
	at java.awt.EventQueue.invokeAndWait(EventQueue.java:1270)
	at java.awt.EventQueue.invokeAndWait(EventQueue.java:1251)
	at javax.swing.SwingUtilities.invokeAndWait(SwingUtilities.java:1347)
	at org.apache.jmeter.util.JMeterUtils.runSafe(JMeterUtils.java:1296)
	at org.apache.jmeter.visualizers.TableVisualizer.add(TableVisualizer.java:163)
	at org.apache.jmeter.reporters.ResultCollector.sendToVisualizer(ResultCollector.java:553)
	at org.apache.jmeter.reporters.ResultCollector.sampleOccurred(ResultCollector.java:529)
	at org.apache.jmeter.threads.ListenerNotifier.notifyListeners(ListenerNotifier.java:84)
	at org.apache.jmeter.threads.JMeterThread.notifyListeners(JMeterThread.java:783)
	at org.apache.jmeter.threads.JMeterThread.process_sampler(JMeterThread.java:443)
	at org.apache.jmeter.threads.JMeterThread.run(JMeterThread.java:257)
	at java.lang.Thread.run(Thread.java:745)

2016/04/25 13:44:12 WARN  - jmeter.util.JMeterUtils: Interrupted in thread Thread Group 1-1 java.lang.InterruptedException
	at java.lang.Object.wait(Native Method)
	at java.lang.Object.wait(Object.java:503)
	at java.awt.EventQueue.invokeAndWait(EventQueue.java:1270)
	at java.awt.EventQueue.invokeAndWait(EventQueue.java:1251)
	at javax.swing.SwingUtilities.invokeAndWait(SwingUtilities.java:1347)
	at org.apache.jmeter.util.JMeterUtils.runSafe(JMeterUtils.java:1296)
	at org.apache.jmeter.visualizers.ViewResultsFullVisualizer.add(ViewResultsFullVisualizer.java:128)
	at org.apache.jmeter.reporters.ResultCollector.sendToVisualizer(ResultCollector.java:553)
	at org.apache.jmeter.reporters.ResultCollector.sampleOccurred(ResultCollector.java:529)
	at org.apache.jmeter.threads.ListenerNotifier.notifyListeners(ListenerNotifier.java:84)
	at org.apache.jmeter.threads.JMeterThread.notifyListeners(JMeterThread.java:783)
	at org.apache.jmeter.threads.JMeterThread.process_sampler(JMeterThread.java:443)
	at org.apache.jmeter.threads.JMeterThread.run(JMeterThread.java:257)
	at java.lang.Thread.run(Thread.java:745)

2016/04/25 13:44:12 INFO  - jmeter.threads.JMeterThread: Stopping: Thread Group 1-2 
2016/04/25 13:44:12 INFO  - jmeter.threads.JMeterThread: Thread finished: Thread Group 1-1 
2016/04/25 13:44:12 INFO  - jmeter.threads.JMeterThread: Stopping: Thread Group 1-5 
2016/04/25 13:44:12 INFO  - jmeter.threads.JMeterThread: Stopping: Thread Group 1-3 
2016/04/25 13:44:12 WARN  - jmeter.util.JMeterUtils: Interrupted in thread Thread Group 1-5 java.lang.InterruptedException
	at java.lang.Object.wait(Native Method)
	at java.lang.Object.wait(Object.java:503)
	at java.awt.EventQueue.invokeAndWait(EventQueue.java:1270)
	at java.awt.EventQueue.invokeAndWait(EventQueue.java:1251)
	at javax.swing.SwingUtilities.invokeAndWait(SwingUtilities.java:1347)
	at org.apache.jmeter.util.JMeterUtils.runSafe(JMeterUtils.java:1296)
	at org.apache.jmeter.visualizers.TableVisualizer.add(TableVisualizer.java:163)
	at org.apache.jmeter.reporters.ResultCollector.sendToVisualizer(ResultCollector.java:553)
	at org.apache.jmeter.reporters.ResultCollector.sampleOccurred(ResultCollector.java:529)
	at org.apache.jmeter.threads.ListenerNotifier.notifyListeners(ListenerNotifier.java:84)
	at org.apache.jmeter.threads.JMeterThread.notifyListeners(JMeterThread.java:783)
	at org.apache.jmeter.threads.JMeterThread.process_sampler(JMeterThread.java:443)
	at org.apache.jmeter.threads.JMeterThread.run(JMeterThread.java:257)
	at java.lang.Thread.run(Thread.java:745)

2016/04/25 13:44:12 WARN  - jmeter.util.JMeterUtils: Interrupted in thread Thread Group 1-3 java.lang.InterruptedException
	at java.lang.Object.wait(Native Method)
	at java.lang.Object.wait(Object.java:503)
	at java.awt.EventQueue.invokeAndWait(EventQueue.java:1270)
	at java.awt.EventQueue.invokeAndWait(EventQueue.java:1251)
	at javax.swing.SwingUtilities.invokeAndWait(SwingUtilities.java:1347)
	at org.apache.jmeter.util.JMeterUtils.runSafe(JMeterUtils.java:1296)
	at org.apache.jmeter.visualizers.TableVisualizer.add(TableVisualizer.java:163)
	at org.apache.jmeter.reporters.ResultCollector.sendToVisualizer(ResultCollector.java:553)
	at org.apache.jmeter.reporters.ResultCollector.sampleOccurred(ResultCollector.java:529)
	at org.apache.jmeter.threads.ListenerNotifier.notifyListeners(ListenerNotifier.java:84)
	at org.apache.jmeter.threads.JMeterThread.notifyListeners(JMeterThread.java:783)
	at org.apache.jmeter.threads.JMeterThread.process_sampler(JMeterThread.java:443)
	at org.apache.jmeter.threads.JMeterThread.run(JMeterThread.java:257)
	at java.lang.Thread.run(Thread.java:745)

2016/04/25 13:44:12 WARN  - jmeter.util.JMeterUtils: Interrupted in thread Thread Group 1-2 java.lang.InterruptedException
	at java.lang.Object.wait(Native Method)
	at java.lang.Object.wait(Object.java:503)
	at java.awt.EventQueue.invokeAndWait(EventQueue.java:1270)
	at java.awt.EventQueue.invokeAndWait(EventQueue.java:1251)
	at javax.swing.SwingUtilities.invokeAndWait(SwingUtilities.java:1347)
	at org.apache.jmeter.util.JMeterUtils.runSafe(JMeterUtils.java:1296)
	at org.apache.jmeter.visualizers.TableVisualizer.add(TableVisualizer.java:163)
	at org.apache.jmeter.reporters.ResultCollector.sendToVisualizer(ResultCollector.java:553)
	at org.apache.jmeter.reporters.ResultCollector.sampleOccurred(ResultCollector.java:529)
	at org.apache.jmeter.threads.ListenerNotifier.notifyListeners(ListenerNotifier.java:84)
	at org.apache.jmeter.threads.JMeterThread.notifyListeners(JMeterThread.java:783)
	at org.apache.jmeter.threads.JMeterThread.process_sampler(JMeterThread.java:443)
	at org.apache.jmeter.threads.JMeterThread.run(JMeterThread.java:257)
	at java.lang.Thread.run(Thread.java:745)

2016/04/25 13:44:12 INFO  - jmeter.threads.JMeterThread: Thread finished: Thread Group 1-4 
2016/04/25 13:44:12 INFO  - jmeter.threads.JMeterThread: Thread finished: Thread Group 1-5 
2016/04/25 13:44:12 INFO  - jmeter.threads.JMeterThread: Thread finished: Thread Group 1-3 
2016/04/25 13:44:12 INFO  - jmeter.threads.JMeterThread: Thread finished: Thread Group 1-2 
2016/04/25 13:44:12 INFO  - jmeter.engine.StandardJMeterEngine: Notifying test listeners of end of test 
2016/04/25 13:44:12 INFO  - jmeter.gui.util.JMeterMenuBar: setRunning(false,*local*) 
2016/04/25 13:44:43 INFO  - jmeter.engine.StandardJMeterEngine: Running the test! 
2016/04/25 13:44:43 INFO  - jmeter.samplers.SampleEvent: List of sample_variables: [] 
2016/04/25 13:44:43 INFO  - jmeter.gui.util.JMeterMenuBar: setRunning(true,*local*) 
2016/04/25 13:44:43 INFO  - jmeter.engine.StandardJMeterEngine: Starting ThreadGroup: 1 : Thread Group 
2016/04/25 13:44:43 INFO  - jmeter.engine.StandardJMeterEngine: Starting 10 threads for group Thread Group. 
2016/04/25 13:44:43 INFO  - jmeter.engine.StandardJMeterEngine: Thread will continue on error 
2016/04/25 13:44:43 INFO  - jmeter.threads.ThreadGroup: Starting thread group number 1 threads 10 ramp-up 1 perThread 100.0 delayedStart=false 
2016/04/25 13:44:43 INFO  - jmeter.threads.ThreadGroup: Started thread group number 1 
2016/04/25 13:44:43 INFO  - jmeter.engine.StandardJMeterEngine: All thread groups have been started 
2016/04/25 13:44:43 INFO  - jmeter.threads.JMeterThread: Thread started: Thread Group 1-1 
2016/04/25 13:44:43 INFO  - jmeter.threads.JMeterThread: Thread started: Thread Group 1-2 
2016/04/25 13:44:43 INFO  - jmeter.threads.JMeterThread: Thread started: Thread Group 1-3 
2016/04/25 13:44:43 INFO  - jmeter.threads.JMeterThread: Thread started: Thread Group 1-4 
2016/04/25 13:44:43 INFO  - jmeter.threads.JMeterThread: Thread started: Thread Group 1-5 
2016/04/25 13:44:44 INFO  - jmeter.threads.JMeterThread: Thread started: Thread Group 1-6 
2016/04/25 13:44:44 INFO  - jmeter.threads.JMeterThread: Thread started: Thread Group 1-7 
2016/04/25 13:44:44 INFO  - jmeter.threads.JMeterThread: Thread started: Thread Group 1-8 
2016/04/25 13:44:44 INFO  - jmeter.threads.JMeterThread: Thread started: Thread Group 1-9 
2016/04/25 13:44:44 INFO  - jmeter.threads.JMeterThread: Thread started: Thread Group 1-10 
2016/04/25 13:45:58 INFO  - jmeter.gui.action.Start: Stopping test 
2016/04/25 13:45:58 INFO  - jmeter.threads.JMeterThread: Stopping: Thread Group 1-7 
2016/04/25 13:45:58 INFO  - jmeter.threads.JMeterThread: Stopping: Thread Group 1-2 
2016/04/25 13:45:58 WARN  - jmeter.util.JMeterUtils: Interrupted in thread Thread Group 1-7 java.lang.InterruptedException
	at java.lang.Object.wait(Native Method)
	at java.lang.Object.wait(Object.java:503)
	at java.awt.EventQueue.invokeAndWait(EventQueue.java:1270)
	at java.awt.EventQueue.invokeAndWait(EventQueue.java:1251)
	at javax.swing.SwingUtilities.invokeAndWait(SwingUtilities.java:1347)
	at org.apache.jmeter.util.JMeterUtils.runSafe(JMeterUtils.java:1296)
	at org.apache.jmeter.visualizers.ViewResultsFullVisualizer.add(ViewResultsFullVisualizer.java:128)
	at org.apache.jmeter.reporters.ResultCollector.sendToVisualizer(ResultCollector.java:553)
	at org.apache.jmeter.reporters.ResultCollector.sampleOccurred(ResultCollector.java:529)
	at org.apache.jmeter.threads.ListenerNotifier.notifyListeners(ListenerNotifier.java:84)
	at org.apache.jmeter.threads.JMeterThread.notifyListeners(JMeterThread.java:783)
	at org.apache.jmeter.threads.JMeterThread.process_sampler(JMeterThread.java:443)
	at org.apache.jmeter.threads.JMeterThread.run(JMeterThread.java:257)
	at java.lang.Thread.run(Thread.java:745)

2016/04/25 13:45:58 INFO  - jmeter.threads.JMeterThread: Stopping: Thread Group 1-3 
2016/04/25 13:45:58 INFO  - jmeter.threads.JMeterThread: Thread finished: Thread Group 1-7 
2016/04/25 13:45:58 INFO  - jmeter.threads.JMeterThread: Stopping: Thread Group 1-9 
2016/04/25 13:45:58 INFO  - jmeter.threads.JMeterThread: Stopping: Thread Group 1-1 
2016/04/25 13:45:58 WARN  - jmeter.util.JMeterUtils: Interrupted in thread Thread Group 1-2 java.lang.InterruptedException
	at java.lang.Object.wait(Native Method)
	at java.lang.Object.wait(Object.java:503)
	at java.awt.EventQueue.invokeAndWait(EventQueue.java:1270)
	at java.awt.EventQueue.invokeAndWait(EventQueue.java:1251)
	at javax.swing.SwingUtilities.invokeAndWait(SwingUtilities.java:1347)
	at org.apache.jmeter.util.JMeterUtils.runSafe(JMeterUtils.java:1296)
	at org.apache.jmeter.visualizers.ViewResultsFullVisualizer.add(ViewResultsFullVisualizer.java:128)
	at org.apache.jmeter.reporters.ResultCollector.sendToVisualizer(ResultCollector.java:553)
	at org.apache.jmeter.reporters.ResultCollector.sampleOccurred(ResultCollector.java:529)
	at org.apache.jmeter.threads.ListenerNotifier.notifyListeners(ListenerNotifier.java:84)
	at org.apache.jmeter.threads.JMeterThread.notifyListeners(JMeterThread.java:783)
	at org.apache.jmeter.threads.JMeterThread.process_sampler(JMeterThread.java:443)
	at org.apache.jmeter.threads.JMeterThread.run(JMeterThread.java:257)
	at java.lang.Thread.run(Thread.java:745)

2016/04/25 13:45:58 INFO  - jmeter.threads.JMeterThread: Stopping: Thread Group 1-10 
2016/04/25 13:45:58 INFO  - jmeter.threads.JMeterThread: Thread finished: Thread Group 1-2 
2016/04/25 13:45:58 WARN  - jmeter.util.JMeterUtils: Interrupted in thread Thread Group 1-9 java.lang.InterruptedException
	at java.lang.Object.wait(Native Method)
	at java.lang.Object.wait(Object.java:503)
	at java.awt.EventQueue.invokeAndWait(EventQueue.java:1270)
	at java.awt.EventQueue.invokeAndWait(EventQueue.java:1251)
	at javax.swing.SwingUtilities.invokeAndWait(SwingUtilities.java:1347)
	at org.apache.jmeter.util.JMeterUtils.runSafe(JMeterUtils.java:1296)
	at org.apache.jmeter.visualizers.TableVisualizer.add(TableVisualizer.java:163)
	at org.apache.jmeter.reporters.ResultCollector.sendToVisualizer(ResultCollector.java:553)
	at org.apache.jmeter.reporters.ResultCollector.sampleOccurred(ResultCollector.java:529)
	at org.apache.jmeter.threads.ListenerNotifier.notifyListeners(ListenerNotifier.java:84)
	at org.apache.jmeter.threads.JMeterThread.notifyListeners(JMeterThread.java:783)
	at org.apache.jmeter.threads.JMeterThread.process_sampler(JMeterThread.java:443)
	at org.apache.jmeter.threads.JMeterThread.run(JMeterThread.java:257)
	at java.lang.Thread.run(Thread.java:745)

2016/04/25 13:45:58 WARN  - jmeter.util.JMeterUtils: Interrupted in thread Thread Group 1-3 java.lang.InterruptedException
	at java.lang.Object.wait(Native Method)
	at java.lang.Object.wait(Object.java:503)
	at java.awt.EventQueue.invokeAndWait(EventQueue.java:1270)
	at java.awt.EventQueue.invokeAndWait(EventQueue.java:1251)
	at javax.swing.SwingUtilities.invokeAndWait(SwingUtilities.java:1347)
	at org.apache.jmeter.util.JMeterUtils.runSafe(JMeterUtils.java:1296)
	at org.apache.jmeter.visualizers.ViewResultsFullVisualizer.add(ViewResultsFullVisualizer.java:128)
	at org.apache.jmeter.reporters.ResultCollector.sendToVisualizer(ResultCollector.java:553)
	at org.apache.jmeter.reporters.ResultCollector.sampleOccurred(ResultCollector.java:529)
	at org.apache.jmeter.threads.ListenerNotifier.notifyListeners(ListenerNotifier.java:84)
	at org.apache.jmeter.threads.JMeterThread.notifyListeners(JMeterThread.java:783)
	at org.apache.jmeter.threads.JMeterThread.process_sampler(JMeterThread.java:443)
	at org.apache.jmeter.threads.JMeterThread.run(JMeterThread.java:257)
	at java.lang.Thread.run(Thread.java:745)

2016/04/25 13:45:58 INFO  - jmeter.threads.JMeterThread: Thread finished: Thread Group 1-3 
2016/04/25 13:45:58 WARN  - jmeter.util.JMeterUtils: Interrupted in thread Thread Group 1-1 java.lang.InterruptedException
	at java.lang.Object.wait(Native Method)
	at java.lang.Object.wait(Object.java:503)
	at java.awt.EventQueue.invokeAndWait(EventQueue.java:1270)
	at java.awt.EventQueue.invokeAndWait(EventQueue.java:1251)
	at javax.swing.SwingUtilities.invokeAndWait(SwingUtilities.java:1347)
	at org.apache.jmeter.util.JMeterUtils.runSafe(JMeterUtils.java:1296)
	at org.apache.jmeter.visualizers.TableVisualizer.add(TableVisualizer.java:163)
	at org.apache.jmeter.reporters.ResultCollector.sendToVisualizer(ResultCollector.java:553)
	at org.apache.jmeter.reporters.ResultCollector.sampleOccurred(ResultCollector.java:529)
	at org.apache.jmeter.threads.ListenerNotifier.notifyListeners(ListenerNotifier.java:84)
	at org.apache.jmeter.threads.JMeterThread.notifyListeners(JMeterThread.java:783)
	at org.apache.jmeter.threads.JMeterThread.process_sampler(JMeterThread.java:443)
	at org.apache.jmeter.threads.JMeterThread.run(JMeterThread.java:257)
	at java.lang.Thread.run(Thread.java:745)

2016/04/25 13:45:58 INFO  - jmeter.threads.JMeterThread: Stopping: Thread Group 1-6 
2016/04/25 13:45:58 INFO  - jmeter.threads.JMeterThread: Thread finished: Thread Group 1-10 
2016/04/25 13:45:58 INFO  - jmeter.threads.JMeterThread: Stopping: Thread Group 1-8 
2016/04/25 13:45:58 INFO  - jmeter.threads.JMeterThread: Stopping: Thread Group 1-5 
2016/04/25 13:45:58 WARN  - jmeter.util.JMeterUtils: Interrupted in thread Thread Group 1-5 java.lang.InterruptedException
	at java.lang.Object.wait(Native Method)
	at java.lang.Object.wait(Object.java:503)
	at java.awt.EventQueue.invokeAndWait(EventQueue.java:1270)
	at java.awt.EventQueue.invokeAndWait(EventQueue.java:1251)
	at javax.swing.SwingUtilities.invokeAndWait(SwingUtilities.java:1347)
	at org.apache.jmeter.util.JMeterUtils.runSafe(JMeterUtils.java:1296)
	at org.apache.jmeter.visualizers.TableVisualizer.add(TableVisualizer.java:163)
	at org.apache.jmeter.reporters.ResultCollector.sendToVisualizer(ResultCollector.java:553)
	at org.apache.jmeter.reporters.ResultCollector.sampleOccurred(ResultCollector.java:529)
	at org.apache.jmeter.threads.ListenerNotifier.notifyListeners(ListenerNotifier.java:84)
	at org.apache.jmeter.threads.JMeterThread.notifyListeners(JMeterThread.java:783)
	at org.apache.jmeter.threads.JMeterThread.process_sampler(JMeterThread.java:443)
	at org.apache.jmeter.threads.JMeterThread.run(JMeterThread.java:257)
	at java.lang.Thread.run(Thread.java:745)

2016/04/25 13:45:58 WARN  - jmeter.util.JMeterUtils: Interrupted in thread Thread Group 1-8 java.lang.InterruptedException
	at java.lang.Object.wait(Native Method)
	at java.lang.Object.wait(Object.java:503)
	at java.awt.EventQueue.invokeAndWait(EventQueue.java:1270)
	at java.awt.EventQueue.invokeAndWait(EventQueue.java:1251)
	at javax.swing.SwingUtilities.invokeAndWait(SwingUtilities.java:1347)
	at org.apache.jmeter.util.JMeterUtils.runSafe(JMeterUtils.java:1296)
	at org.apache.jmeter.visualizers.ViewResultsFullVisualizer.add(ViewResultsFullVisualizer.java:128)
	at org.apache.jmeter.reporters.ResultCollector.sendToVisualizer(ResultCollector.java:553)
	at org.apache.jmeter.reporters.ResultCollector.sampleOccurred(ResultCollector.java:529)
	at org.apache.jmeter.threads.ListenerNotifier.notifyListeners(ListenerNotifier.java:84)
	at org.apache.jmeter.threads.JMeterThread.notifyListeners(JMeterThread.java:783)
	at org.apache.jmeter.threads.JMeterThread.process_sampler(JMeterThread.java:443)
	at org.apache.jmeter.threads.JMeterThread.run(JMeterThread.java:257)
	at java.lang.Thread.run(Thread.java:745)

2016/04/25 13:45:58 WARN  - jmeter.util.JMeterUtils: Interrupted in thread Thread Group 1-6 java.lang.InterruptedException
	at java.lang.Object.wait(Native Method)
	at java.lang.Object.wait(Object.java:503)
	at java.awt.EventQueue.invokeAndWait(EventQueue.java:1270)
	at java.awt.EventQueue.invokeAndWait(EventQueue.java:1251)
	at javax.swing.SwingUtilities.invokeAndWait(SwingUtilities.java:1347)
	at org.apache.jmeter.util.JMeterUtils.runSafe(JMeterUtils.java:1296)
	at org.apache.jmeter.visualizers.TableVisualizer.add(TableVisualizer.java:163)
	at org.apache.jmeter.reporters.ResultCollector.sendToVisualizer(ResultCollector.java:553)
	at org.apache.jmeter.reporters.ResultCollector.sampleOccurred(ResultCollector.java:529)
	at org.apache.jmeter.threads.ListenerNotifier.notifyListeners(ListenerNotifier.java:84)
	at org.apache.jmeter.threads.JMeterThread.notifyListeners(JMeterThread.java:783)
	at org.apache.jmeter.threads.JMeterThread.process_sampler(JMeterThread.java:443)
	at org.apache.jmeter.threads.JMeterThread.run(JMeterThread.java:257)
	at java.lang.Thread.run(Thread.java:745)

2016/04/25 13:45:58 INFO  - jmeter.threads.JMeterThread: Thread finished: Thread Group 1-8 
2016/04/25 13:45:58 INFO  - jmeter.threads.JMeterThread: Stopping: Thread Group 1-4 
2016/04/25 13:45:58 WARN  - jmeter.util.JMeterUtils: Interrupted in thread Thread Group 1-4 java.lang.InterruptedException
	at java.lang.Object.wait(Native Method)
	at java.lang.Object.wait(Object.java:503)
	at java.awt.EventQueue.invokeAndWait(EventQueue.java:1270)
	at java.awt.EventQueue.invokeAndWait(EventQueue.java:1251)
	at javax.swing.SwingUtilities.invokeAndWait(SwingUtilities.java:1347)
	at org.apache.jmeter.util.JMeterUtils.runSafe(JMeterUtils.java:1296)
	at org.apache.jmeter.visualizers.TableVisualizer.add(TableVisualizer.java:163)
	at org.apache.jmeter.reporters.ResultCollector.sendToVisualizer(ResultCollector.java:553)
	at org.apache.jmeter.reporters.ResultCollector.sampleOccurred(ResultCollector.java:529)
	at org.apache.jmeter.threads.ListenerNotifier.notifyListeners(ListenerNotifier.java:84)
	at org.apache.jmeter.threads.JMeterThread.notifyListeners(JMeterThread.java:783)
	at org.apache.jmeter.threads.JMeterThread.process_sampler(JMeterThread.java:443)
	at org.apache.jmeter.threads.JMeterThread.run(JMeterThread.java:257)
	at java.lang.Thread.run(Thread.java:745)

2016/04/25 13:45:58 INFO  - jmeter.threads.JMeterThread: Thread finished: Thread Group 1-9 
2016/04/25 13:45:58 INFO  - jmeter.threads.JMeterThread: Thread finished: Thread Group 1-1 
2016/04/25 13:45:58 INFO  - jmeter.threads.JMeterThread: Thread finished: Thread Group 1-5 
2016/04/25 13:45:58 INFO  - jmeter.threads.JMeterThread: Thread finished: Thread Group 1-6 
2016/04/25 13:45:58 INFO  - jmeter.threads.JMeterThread: Thread finished: Thread Group 1-4 
2016/04/25 13:45:58 INFO  - jmeter.engine.StandardJMeterEngine: Notifying test listeners of end of test 
2016/04/25 13:45:58 INFO  - jmeter.gui.util.JMeterMenuBar: setRunning(false,*local*) 
2016/04/25 13:47:03 INFO  - jmeter.engine.StandardJMeterEngine: Running the test! 
2016/04/25 13:47:03 INFO  - jmeter.samplers.SampleEvent: List of sample_variables: [] 
2016/04/25 13:47:03 INFO  - jmeter.gui.util.JMeterMenuBar: setRunning(true,*local*) 
2016/04/25 13:47:03 INFO  - jmeter.engine.StandardJMeterEngine: Starting ThreadGroup: 1 : Thread Group 
2016/04/25 13:47:03 INFO  - jmeter.engine.StandardJMeterEngine: Starting 15 threads for group Thread Group. 
2016/04/25 13:47:03 INFO  - jmeter.engine.StandardJMeterEngine: Thread will continue on error 
2016/04/25 13:47:03 INFO  - jmeter.threads.ThreadGroup: Starting thread group number 1 threads 15 ramp-up 1 perThread 66.666664 delayedStart=false 
2016/04/25 13:47:03 INFO  - jmeter.threads.JMeterThread: Thread started: Thread Group 1-1 
2016/04/25 13:47:03 INFO  - jmeter.threads.ThreadGroup: Started thread group number 1 
2016/04/25 13:47:03 INFO  - jmeter.engine.StandardJMeterEngine: All thread groups have been started 
2016/04/25 13:47:03 INFO  - jmeter.threads.JMeterThread: Thread started: Thread Group 1-2 
2016/04/25 13:47:03 INFO  - jmeter.threads.JMeterThread: Thread started: Thread Group 1-3 
2016/04/25 13:47:03 INFO  - jmeter.threads.JMeterThread: Thread started: Thread Group 1-4 
2016/04/25 13:47:03 INFO  - jmeter.threads.JMeterThread: Thread started: Thread Group 1-5 
2016/04/25 13:47:03 INFO  - jmeter.threads.JMeterThread: Thread started: Thread Group 1-6 
2016/04/25 13:47:03 INFO  - jmeter.threads.JMeterThread: Thread started: Thread Group 1-7 
2016/04/25 13:47:03 INFO  - jmeter.threads.JMeterThread: Thread started: Thread Group 1-8 
2016/04/25 13:47:03 INFO  - jmeter.threads.JMeterThread: Thread started: Thread Group 1-9 
2016/04/25 13:47:03 INFO  - jmeter.threads.JMeterThread: Thread started: Thread Group 1-10 
2016/04/25 13:47:04 INFO  - jmeter.threads.JMeterThread: Thread started: Thread Group 1-11 
2016/04/25 13:47:04 INFO  - jmeter.threads.JMeterThread: Thread started: Thread Group 1-12 
2016/04/25 13:47:04 INFO  - jmeter.threads.JMeterThread: Thread started: Thread Group 1-13 
2016/04/25 13:47:04 INFO  - jmeter.threads.JMeterThread: Thread started: Thread Group 1-14 
2016/04/25 13:47:04 INFO  - jmeter.threads.JMeterThread: Thread started: Thread Group 1-15 
